Arguments: 
  /usr/local/bin/node /usr/local/Cellar/yarn/1.22.10/libexec/bin/yarn.js

PATH: 
  /usr/local/bin:/usr/bin:/bin:/usr/sbin:/sbin:/Applications/VMware Fusion.app/Contents/Public:/Library/Apple/usr/bin:/Users/fasil/development/flutter/bin:/Users/fasil/development/flutter/bin

Yarn version: 
  1.22.10

Node version: 
  16.16.0

Platform: 
  darwin x64

Trace: 
  Error: https://registry.yarnpkg.com/@apollo%2fspace-kit: ETIMEDOUT
      at Timeout._onTimeout (/usr/local/Cellar/yarn/1.22.10/libexec/lib/cli.js:141409:19)
      at listOnTimeout (node:internal/timers:559:17)
      at processTimers (node:internal/timers:502:7)

npm manifest: 
  {
    "name": "catstronauts-client",
    "version": "1.0.0",
    "private": true,
    "description": "front-end demo app for Apollo's lift-off course",
    "dependencies": {
      "@apollo/space-kit": "^9.3.1",
      "@emotion/cache": "^11.4.0",
      "@emotion/core": "^10.1.1",
      "@emotion/react": "^11.4.0",
      "@emotion/styled": "^11.3.0",
      "@reach/router": "^1.3.4",
      "framer-motion": "^4.1.17",
      "react": "^16.13.1",
      "react-dom": "^16.13.1",
      "react-emotion": "^10.0.0",
      "react-markdown": "^6.0.2",
      "react-player": "^2.6.0",
      "react-scripts": "^4.0.3"
    },
    "scripts": {
      "start": "react-scripts start",
      "build": "react-scripts build",
      "test": "react-scripts test",
      "eject": "react-scripts eject"
    },
    "eslintConfig": {
      "extends": "react-app"
    },
    "browserslist": {
      "production": [
        ">0.2%",
        "not dead",
        "not op_mini all"
      ],
      "development": [
        "last 1 chrome version",
        "last 1 firefox version",
        "last 1 safari version"
      ]
    },
    "devDependencies": {
      "@testing-library/jest-dom": "^4.2.4",
      "@testing-library/react": "^9.3.2",
      "@testing-library/user-event": "^7.1.2"
    },
    "main": "src/index.js",
    "author": "Raphael Terrier @R4ph-t",
    "license": "MIT"
  }

yarn manifest: 
  No manifest

Lockfile: 
  No lockfile
